<?xml version="1.0" encoding="UTF-8"?>
<!-- Generated by org.testng.reporters.JUnitReportReporter -->
<testsuite hostname="OZZY" failures="0" tests="1" name="com.meier.markus.TestClass1Test" time="17.394" errors="0" timestamp="2021-02-05T17:19:35 MEZ" skipped="0">
  <testcase classname="com.meier.markus.TestClass1Test" name="Testcase1Test" time="17.394"/>
  <system-out/>
</testsuite> <!-- com.meier.markus.TestClass1Test -->
