<?xml version="1.0" encoding="UTF-8"?>
<!-- Generated by org.testng.reporters.JUnitReportReporter -->
<testsuite hostname="OZZY" failures="0" tests="2" name="com.meier.markus.FunctionalTest" time="27.566" errors="0" timestamp="2021-02-08T11:38:19 MEZ" skipped="0">
  <testcase classname="com.meier.markus.FunctionalTest" name="searchForItemAndPutItemAndCheckTest" time="14.835"/>
  <system-out/>
  <testcase classname="com.meier.markus.FunctionalTest" name="searchForItemAndPutItemAndCheckTest" time="12.731"/>
  <system-out/>
</testsuite> <!-- com.meier.markus.FunctionalTest -->
