<?xml version="1.0" encoding="UTF-8"?>
<!-- Generated by org.testng.reporters.JUnitReportReporter -->
<testsuite hostname="OZZY" failures="0" tests="2" name="com.meier.markus.FunctionalTest" time="21.214" errors="0" timestamp="2021-02-08T12:11:22 MEZ" skipped="0">
  <testcase classname="com.meier.markus.FunctionalTest" name="searchForItemAndPutItemAndCheckTest" time="9.526"/>
  <system-out/>
  <testcase classname="com.meier.markus.FunctionalTest" name="searchForItemAndPutItemAndCheckTest" time="11.688"/>
  <system-out/>
</testsuite> <!-- com.meier.markus.FunctionalTest -->
