<?xml version="1.0" encoding="UTF-8"?>
<!-- Generated by org.testng.reporters.JUnitReportReporter -->
<testsuite hostname="OZZY" failures="0" tests="2" name="com.meier.markus.FunctionalTest" time="157.599" errors="0" timestamp="2021-02-08T21:27:12 MEZ" skipped="0">
  <testcase classname="com.meier.markus.FunctionalTest" name="searchForItemPutItBasketAndCheckTest" time="55.085"/>
  <system-out/>
  <testcase classname="com.meier.markus.FunctionalTest" name="searchForItemPutItBasketAndCheckTest" time="102.514"/>
  <system-out/>
</testsuite> <!-- com.meier.markus.FunctionalTest -->
