<?xml version="1.0" encoding="UTF-8"?>
<!-- Generated by org.testng.reporters.JUnitReportReporter -->
<testsuite hostname="OZZY" failures="0" tests="2" name="com.meier.markus.FunctionalTest" time="17.847" errors="0" timestamp="2021-02-05T22:21:11 MEZ" skipped="0">
  <testcase classname="com.meier.markus.FunctionalTest" name="searchForSnickersAndPutItemAndCheckTest" time="7.743"/>
  <system-out/>
  <testcase classname="com.meier.markus.FunctionalTest" name="searchForSnickersAndPutItemAndCheckTest" time="10.104"/>
  <system-out/>
</testsuite> <!-- com.meier.markus.FunctionalTest -->
