<?xml version="1.0" encoding="UTF-8"?>
<!-- Generated by org.testng.reporters.JUnitReportReporter -->
<testsuite hostname="OZZY" failures="0" tests="2" name="com.meier.markus.FunctionalTest" time="31.309" errors="0" timestamp="2021-02-09T12:40:04 MEZ" skipped="0">
  <testcase classname="com.meier.markus.FunctionalTest" name="searchForItemPutCartAndCheckTest" time="14.762"/>
  <system-out/>
  <testcase classname="com.meier.markus.FunctionalTest" name="searchForItemPutCartAndCheckTest" time="16.547"/>
  <system-out/>
</testsuite> <!-- com.meier.markus.FunctionalTest -->
